# JRE version: OpenJDK Runtime Environment Temurin-21.0.10+7 (21.0.10+7) (build 21.0.10+7-LTS)
# Java VM: OpenJDK 64-Bit Server VM Temurin-21.0.10+7 (21.0.10+7-LTS, mixed mode, sharing, tiered, compressed oops, compressed class ptrs, parallel gc, windows-amd64)
GC Precious Log:
 CardTable entry size: 512
 CPUs: 8 total, 8 available
 Memory: 16258M
 Large Page Support: Disabled
 NUMA Support: Disabled
 Compressed Oops: Enabled (32-bit)
 Alignments: Space 512K, Generation 512K, Heap 2M
 Heap Min Capacity: 100M
 Heap Initial Capacity: 100M
 Heap Max Capacity: 2G
 Pre-touch: Disabled
 Parallel Workers: 8
Heap:
 PSYoungGen      total 2048K, used 543K [0x00000000d5580000, 0x00000000d5900000, 0x0000000100000000)
  eden space 1536K, 18% used [0x00000000d5580000,0x00000000d55c7f30,0x00000000d5700000)
  from space 512K, 50% used [0x00000000d5780000,0x00000000d57c0000,0x00000000d5800000)
  to   space 512K, 0% used [0x00000000d5880000,0x00000000d5880000,0x00000000d5900000)
 ParOldGen       total 928768K, used 233499K [0x0000000080000000, 0x00000000b8b00000, 0x00000000d5580000)
  object space 928768K, 25% used [0x0000000080000000,0x000000008e406e08,0x00000000b8b00000)
 Metaspace       used 81347K, committed 82816K, reserved 1179648K
  class space    used 8115K, committed 8768K, reserved 1048576K
GC Heap History (20 events):
Event: 13314.415 GC heap before
{Heap before GC invocations=2201 (full 5):
 PSYoungGen      total 2048K, used 1792K [0x00000000d5580000, 0x00000000d5900000, 0x0000000100000000)
  eden space 1536K, 100% used [0x00000000d5580000,0x00000000d5700000,0x00000000d5700000)
  from space 512K, 50% used [0x00000000d5780000,0x00000000d57c0000,0x00000000d5800000)
  to   space 512K, 0% used [0x00000000d5880000,0x00000000d5880000,0x00000000d5900000)
 ParOldGen       total 928768K, used 232715K [0x0000000080000000, 0x00000000b8b00000, 0x00000000d5580000)
  object space 928768K, 25% used [0x0000000080000000,0x000000008e342dd8,0x00000000b8b00000)
 Metaspace       used 81281K, committed 82752K, reserved 1179648K
  class space    used 8115K, committed 8768K, reserved 1048576K
}
Event: 13314.416 GC heap after
{Heap after GC invocations=2201 (full 5):
 PSYoungGen      total 2048K, used 224K [0x00000000d5580000, 0x00000000d5900000, 0x0000000100000000)
  eden space 1536K, 0% used [0x00000000d5580000,0x00000000d5580000,0x00000000d5700000)
  from space 512K, 43% used [0x00000000d5880000,0x00000000d58b8000,0x00000000d5900000)
  to   space 512K, 0% used [0x00000000d5780000,0x00000000d5780000,0x00000000d5800000)
 ParOldGen       total 928768K, used 232795K [0x0000000080000000, 0x00000000b8b00000, 0x00000000d5580000)
  object space 928768K, 25% used [0x0000000080000000,0x000000008e356dd8,0x00000000b8b00000)
 Metaspace       used 81281K, committed 82752K, reserved 1179648K
  class space    used 8115K, committed 8768K, reserved 1048576K
}
Event: 13314.530 GC heap before
{Heap before GC invocations=2202 (full 5):
 PSYoungGen      total 2048K, used 1760K [0x00000000d5580000, 0x00000000d5900000, 0x0000000100000000)
  eden space 1536K, 100% used [0x00000000d5580000,0x00000000d5700000,0x00000000d5700000)
  from space 512K, 43% used [0x00000000d5880000,0x00000000d58b8000,0x00000000d5900000)
  to   space 512K, 0% used [0x00000000d5780000,0x00000000d5780000,0x00000000d5800000)
 ParOldGen       total 928768K, used 232795K [0x0000000080000000, 0x00000000b8b00000, 0x00000000d5580000)
  object space 928768K, 25% used [0x0000000080000000,0x000000008e356dd8,0x00000000b8b00000)
 Metaspace       used 81281K, committed 82752K, reserved 1179648K
  class space    used 8115K, committed 8768K, reserved 1048576K
}
Event: 13314.531 GC heap after
{Heap after GC invocations=2202 (full 5):
 PSYoungGen      total 2048K, used 256K [0x00000000d5580000, 0x00000000d5900000, 0x0000000100000000)
  eden space 1536K, 0% used [0x00000000d5580000,0x00000000d5580000,0x00000000d5700000)
  from space 512K, 50% used [0x00000000d5780000,0x00000000d57c0000,0x00000000d5800000)
  to   space 512K, 0% used [0x00000000d5880000,0x00000000d5880000,0x00000000d5900000)
 ParOldGen       total 928768K, used 232891K [0x0000000080000000, 0x00000000b8b00000, 0x00000000d5580000)
  object space 928768K, 25% used [0x0000000080000000,0x000000008e36edd8,0x00000000b8b00000)
 Metaspace       used 81281K, committed 82752K, reserved 1179648K
  class space    used 8115K, committed 8768K, reserved 1048576K
}
Event: 13314.607 GC heap before
{Heap before GC invocations=2203 (full 5):
 PSYoungGen      total 2048K, used 1792K [0x00000000d5580000, 0x00000000d5900000, 0x0000000100000000)
  eden space 1536K, 100% used [0x00000000d5580000,0x00000000d5700000,0x00000000d5700000)
  from space 512K, 50% used [0x00000000d5780000,0x00000000d57c0000,0x00000000d5800000)
  to   space 512K, 0% used [0x00000000d5880000,0x00000000d5880000,0x00000000d5900000)
 ParOldGen       total 928768K, used 232891K [0x0000000080000000, 0x00000000b8b00000, 0x00000000d5580000)
  object space 928768K, 25% used [0x0000000080000000,0x000000008e36edd8,0x00000000b8b00000)
 Metaspace       used 81281K, committed 82752K, reserved 1179648K
  class space    used 8115K, committed 8768K, reserved 1048576K
}
Event: 13314.611 GC heap after
{Heap after GC invocations=2203 (full 5):
 PSYoungGen      total 2048K, used 256K [0x00000000d5580000, 0x00000000d5900000, 0x0000000100000000)
  eden space 1536K, 0% used [0x00000000d5580000,0x00000000d5580000,0x00000000d5700000)
  from space 512K, 50% used [0x00000000d5880000,0x00000000d58c0000,0x00000000d5900000)
  to   space 512K, 0% used [0x00000000d5780000,0x00000000d5780000,0x00000000d5800000)
 ParOldGen       total 928768K, used 232979K [0x0000000080000000, 0x00000000b8b00000, 0x00000000d5580000)
  object space 928768K, 25% used [0x0000000080000000,0x000000008e384dd8,0x00000000b8b00000)
 Metaspace       used 81281K, committed 82752K, reserved 1179648K
  class space    used 8115K, committed 8768K, reserved 1048576K
}
Event: 13314.672 GC heap before
{Heap before GC invocations=2204 (full 5):
 PSYoungGen      total 2048K, used 1792K [0x00000000d5580000, 0x00000000d5900000, 0x0000000100000000)
  eden space 1536K, 100% used [0x00000000d5580000,0x00000000d5700000,0x00000000d5700000)
  from space 512K, 50% used [0x00000000d5880000,0x00000000d58c0000,0x00000000d5900000)
  to   space 512K, 0% used [0x00000000d5780000,0x00000000d5780000,0x00000000d5800000)
 ParOldGen       total 928768K, used 232979K [0x0000000080000000, 0x00000000b8b00000, 0x00000000d5580000)
  object space 928768K, 25% used [0x0000000080000000,0x000000008e384dd8,0x00000000b8b00000)
 Metaspace       used 81281K, committed 82752K, reserved 1179648K
  class space    used 8115K, committed 8768K, reserved 1048576K
}
Event: 13314.674 GC heap after
{Heap after GC invocations=2204 (full 5):
 PSYoungGen      total 2048K, used 256K [0x00000000d5580000, 0x00000000d5900000, 0x0000000100000000)
  eden space 1536K, 0% used [0x00000000d5580000,0x00000000d5580000,0x00000000d5700000)
  from space 512K, 50% used [0x00000000d5780000,0x00000000d57c0000,0x00000000d5800000)
  to   space 512K, 0% used [0x00000000d5880000,0x00000000d5880000,0x00000000d5900000)
 ParOldGen       total 928768K, used 233059K [0x0000000080000000, 0x00000000b8b00000, 0x00000000d5580000)
  object space 928768K, 25% used [0x0000000080000000,0x000000008e398dd8,0x00000000b8b00000)
 Metaspace       used 81281K, committed 82752K, reserved 1179648K
  class space    used 8115K, committed 8768K, reserved 1048576K
}
Event: 13314.747 GC heap before
{Heap before GC invocations=2205 (full 5):
 PSYoungGen      total 2048K, used 1792K [0x00000000d5580000, 0x00000000d5900000, 0x0000000100000000)
  eden space 1536K, 100% used [0x00000000d5580000,0x00000000d5700000,0x00000000d5700000)
  from space 512K, 50% used [0x00000000d5780000,0x00000000d57c0000,0x00000000d5800000)
  to   space 512K, 0% used [0x00000000d5880000,0x00000000d5880000,0x00000000d5900000)
 ParOldGen       total 928768K, used 233059K [0x0000000080000000, 0x00000000b8b00000, 0x00000000d5580000)
  object space 928768K, 25% used [0x0000000080000000,0x000000008e398dd8,0x00000000b8b00000)
 Metaspace       used 81281K, committed 82752K, reserved 1179648K
  class space    used 8115K, committed 8768K, reserved 1048576K
}
Event: 13314.748 GC heap after
{Heap after GC invocations=2205 (full 5):
 PSYoungGen      total 2048K, used 256K [0x00000000d5580000, 0x00000000d5900000, 0x0000000100000000)
  eden space 1536K, 0% used [0x00000000d5580000,0x00000000d5580000,0x00000000d5700000)
  from space 512K, 50% used [0x00000000d5880000,0x00000000d58c0000,0x00000000d5900000)
  to   space 512K, 0% used [0x00000000d5780000,0x00000000d5780000,0x00000000d5800000)
 ParOldGen       total 928768K, used 233107K [0x0000000080000000, 0x00000000b8b00000, 0x00000000d5580000)
  object space 928768K, 25% used [0x0000000080000000,0x000000008e3a4dd8,0x00000000b8b00000)
 Metaspace       used 81281K, committed 82752K, reserved 1179648K
  class space    used 8115K, committed 8768K, reserved 1048576K
}
Event: 13314.769 GC heap before
{Heap before GC invocations=2206 (full 5):
 PSYoungGen      total 2048K, used 1792K [0x00000000d5580000, 0x00000000d5900000, 0x0000000100000000)
  eden space 1536K, 100% used [0x00000000d5580000,0x00000000d5700000,0x00000000d5700000)
  from space 512K, 50% used [0x00000000d5880000,0x00000000d58c0000,0x00000000d5900000)
  to   space 512K, 0% used [0x00000000d5780000,0x00000000d5780000,0x00000000d5800000)
 ParOldGen       total 928768K, used 233107K [0x0000000080000000, 0x00000000b8b00000, 0x00000000d5580000)
  object space 928768K, 25% used [0x0000000080000000,0x000000008e3a4dd8,0x00000000b8b00000)
 Metaspace       used 81281K, committed 82752K, reserved 1179648K
  class space    used 8115K, committed 8768K, reserved 1048576K
}
Event: 13314.770 GC heap after
{Heap after GC invocations=2206 (full 5):
 PSYoungGen      total 2048K, used 256K [0x00000000d5580000, 0x00000000d5900000, 0x0000000100000000)
  eden space 1536K, 0% used [0x00000000d5580000,0x00000000d5580000,0x00000000d5700000)
  from space 512K, 50% used [0x00000000d5780000,0x00000000d57c0000,0x00000000d5800000)
  to   space 512K, 0% used [0x00000000d5880000,0x00000000d5880000,0x00000000d5900000)
 ParOldGen       total 928768K, used 233107K [0x0000000080000000, 0x00000000b8b00000, 0x00000000d5580000)
  object space 928768K, 25% used [0x0000000080000000,0x000000008e3a4dd8,0x00000000b8b00000)
 Metaspace       used 81281K, committed 82752K, reserved 1179648K
  class space    used 8115K, committed 8768K, reserved 1048576K
}
Event: 13314.816 GC heap before
{Heap before GC invocations=2207 (full 5):
 PSYoungGen      total 2048K, used 1792K [0x00000000d5580000, 0x00000000d5900000, 0x0000000100000000)
  eden space 1536K, 100% used [0x00000000d5580000,0x00000000d5700000,0x00000000d5700000)
  from space 512K, 50% used [0x00000000d5780000,0x00000000d57c0000,0x00000000d5800000)
  to   space 512K, 0% used [0x00000000d5880000,0x00000000d5880000,0x00000000d5900000)
 ParOldGen       total 928768K, used 233107K [0x0000000080000000, 0x00000000b8b00000, 0x00000000d5580000)
  object space 928768K, 25% used [0x0000000080000000,0x000000008e3a4dd8,0x00000000b8b00000)
 Metaspace       used 81282K, committed 82752K, reserved 1179648K
  class space    used 8115K, committed 8768K, reserved 1048576K
}
Event: 13314.817 GC heap after
{Heap after GC invocations=2207 (full 5):
 PSYoungGen      total 2048K, used 192K [0x00000000d5580000, 0x00000000d5900000, 0x0000000100000000)
  eden space 1536K, 0% used [0x00000000d5580000,0x00000000d5580000,0x00000000d5700000)
  from space 512K, 37% used [0x00000000d5880000,0x00000000d58b0000,0x00000000d5900000)
  to   space 512K, 0% used [0x00000000d5780000,0x00000000d5780000,0x00000000d5800000)
 ParOldGen       total 928768K, used 233243K [0x0000000080000000, 0x00000000b8b00000, 0x00000000d5580000)
  object space 928768K, 25% used [0x0000000080000000,0x000000008e3c6dd8,0x00000000b8b00000)
 Metaspace       used 81282K, committed 82752K, reserved 1179648K
  class space    used 8115K, committed 8768K, reserved 1048576K
}
Event: 13319.226 GC heap before
{Heap before GC invocations=2208 (full 5):
 PSYoungGen      total 2048K, used 1727K [0x00000000d5580000, 0x00000000d5900000, 0x0000000100000000)
  eden space 1536K, 99% used [0x00000000d5580000,0x00000000d56fffe8,0x00000000d5700000)
  from space 512K, 37% used [0x00000000d5880000,0x00000000d58b0000,0x00000000d5900000)
  to   space 512K, 0% used [0x00000000d5780000,0x00000000d5780000,0x00000000d5800000)
 ParOldGen       total 928768K, used 233243K [0x0000000080000000, 0x00000000b8b00000, 0x00000000d5580000)
  object space 928768K, 25% used [0x0000000080000000,0x000000008e3c6dd8,0x00000000b8b00000)
 Metaspace       used 81283K, committed 82752K, reserved 1179648K
  class space    used 8115K, committed 8768K, reserved 1048576K
}
Event: 13319.227 GC heap after
{Heap after GC invocations=2208 (full 5):
 PSYoungGen      total 2048K, used 160K [0x00000000d5580000, 0x00000000d5900000, 0x0000000100000000)
  eden space 1536K, 0% used [0x00000000d5580000,0x00000000d5580000,0x00000000d5700000)
  from space 512K, 31% used [0x00000000d5780000,0x00000000d57a8000,0x00000000d5800000)
  to   space 512K, 0% used [0x00000000d5880000,0x00000000d5880000,0x00000000d5900000)
 ParOldGen       total 928768K, used 233283K [0x0000000080000000, 0x00000000b8b00000, 0x00000000d5580000)
  object space 928768K, 25% used [0x0000000080000000,0x000000008e3d0dd8,0x00000000b8b00000)
 Metaspace       used 81283K, committed 82752K, reserved 1179648K
  class space    used 8115K, committed 8768K, reserved 1048576K
}
Event: 13319.244 GC heap before
{Heap before GC invocations=2209 (full 5):
 PSYoungGen      total 2048K, used 1696K [0x00000000d5580000, 0x00000000d5900000, 0x0000000100000000)
  eden space 1536K, 100% used [0x00000000d5580000,0x00000000d5700000,0x00000000d5700000)
  from space 512K, 31% used [0x00000000d5780000,0x00000000d57a8000,0x00000000d5800000)
  to   space 512K, 0% used [0x00000000d5880000,0x00000000d5880000,0x00000000d5900000)
 ParOldGen       total 928768K, used 233283K [0x0000000080000000, 0x00000000b8b00000, 0x00000000d5580000)
  object space 928768K, 25% used [0x0000000080000000,0x000000008e3d0dd8,0x00000000b8b00000)
 Metaspace       used 81339K, committed 82816K, reserved 1179648K
  class space    used 8115K, committed 8768K, reserved 1048576K
}
Event: 13319.245 GC heap after
{Heap after GC invocations=2209 (full 5):
 PSYoungGen      total 2048K, used 224K [0x00000000d5580000, 0x00000000d5900000, 0x0000000100000000)
  eden space 1536K, 0% used [0x00000000d5580000,0x00000000d5580000,0x00000000d5700000)
  from space 512K, 43% used [0x00000000d5880000,0x00000000d58b8020,0x00000000d5900000)
  to   space 512K, 0% used [0x00000000d5780000,0x00000000d5780000,0x00000000d5800000)
 ParOldGen       total 928768K, used 233347K [0x0000000080000000, 0x00000000b8b00000, 0x00000000d5580000)
  object space 928768K, 25% used [0x0000000080000000,0x000000008e3e0dd8,0x00000000b8b00000)
 Metaspace       used 81339K, committed 82816K, reserved 1179648K
  class space    used 8115K, committed 8768K, reserved 1048576K
}
Event: 13673.169 GC heap before
{Heap before GC invocations=2210 (full 5):
 PSYoungGen      total 2048K, used 1760K [0x00000000d5580000, 0x00000000d5900000, 0x0000000100000000)
  eden space 1536K, 100% used [0x00000000d5580000,0x00000000d5700000,0x00000000d5700000)
  from space 512K, 43% used [0x00000000d5880000,0x00000000d58b8020,0x00000000d5900000)
  to   space 512K, 0% used [0x00000000d5780000,0x00000000d5780000,0x00000000d5800000)
 ParOldGen       total 928768K, used 233347K [0x0000000080000000, 0x00000000b8b00000, 0x00000000d5580000)
  object space 928768K, 25% used [0x0000000080000000,0x000000008e3e0dd8,0x00000000b8b00000)
 Metaspace       used 81347K, committed 82816K, reserved 1179648K
  class space    used 8115K, committed 8768K, reserved 1048576K
}
Event: 13673.169 GC heap after
{Heap after GC invocations=2210 (full 5):
 PSYoungGen      total 2048K, used 256K [0x00000000d5580000, 0x00000000d5900000, 0x0000000100000000)
  eden space 1536K, 0% used [0x00000000d5580000,0x00000000d5580000,0x00000000d5700000)
  from space 512K, 50% used [0x00000000d5780000,0x00000000d57c0000,0x00000000d5800000)
  to   space 512K, 0% used [0x00000000d5880000,0x00000000d5880000,0x00000000d5900000)
 ParOldGen       total 928768K, used 233499K [0x0000000080000000, 0x00000000b8b00000, 0x00000000d5580000)
  object space 928768K, 25% used [0x0000000080000000,0x000000008e406e08,0x00000000b8b00000)
 Metaspace       used 81347K, committed 82816K, reserved 1179648K
  class space    used 8115K, committed 8768K, reserved 1048576K
}

